<?xml version="1.0" encoding="UTF-8"?>
<coverage generated="1639585379421" clover="3.2.0">
  <project timestamp="1639585379422" name="All files">
    <metrics statements="7" coveredstatements="7" conditionals="2" coveredconditionals="2" methods="5" coveredmethods="5" elements="14" coveredelements="14" complexity="0" loc="7" ncloc="7" packages="1" files="3" classes="3"/>
    <file name="Input.jsx" path="/Users/ojunsang/Desktop/react-week3-assignment-1/src/Input.jsx">
      <metrics statements="1" coveredstatements="1" conditionals="0" coveredconditionals="0" methods="1" coveredmethods="1"/>
      <line num="2" count="2" type="stmt"/>
    </file>
    <file name="Item.jsx" path="/Users/ojunsang/Desktop/react-week3-assignment-1/src/Item.jsx">
      <metrics statements="2" coveredstatements="2" conditionals="0" coveredconditionals="0" methods="2" coveredmethods="2"/>
      <line num="2" count="2" type="stmt"/>
      <line num="5" count="1" type="stmt"/>
    </file>
    <file name="List.jsx" path="/Users/ojunsang/Desktop/react-week3-assignment-1/src/List.jsx">
      <metrics statements="4" coveredstatements="4" conditionals="2" coveredconditionals="2" methods="2" coveredmethods="2"/>
      <line num="4" count="2" type="cond" truecount="2" falsecount="0"/>
      <line num="5" count="1" type="stmt"/>
      <line num="10" count="1" type="stmt"/>
      <line num="13" count="1" type="stmt"/>
    </file>
  </project>
</coverage>
