{"/Users/ojunsang/Desktop/react-week3-assignment-1/src/Input.jsx": {"path":"/Users/ojunsang/Desktop/react-week3-assignment-1/src/Input.jsx","statementMap":{"0":{"start":{"line":2,"column":2},"end":{"line":18,"column":4}}},"fnMap":{"0":{"name":"Input","decl":{"start":{"line":1,"column":24},"end":{"line":1,"column":29}},"loc":{"start":{"line":1,"column":60},"end":{"line":19,"column":1}},"line":1}},"branchMap":{},"s":{"0":2},"f":{"0":2},"b":{},"_coverageSchema":"1a1c01bbd47fc00a2c39e90264f33305004495a9","hash":"022527d01a75e6c07b92d0908d011c96ec7fb9d4"}
,"/Users/ojunsang/Desktop/react-week3-assignment-1/src/Item.jsx": {"path":"/Users/ojunsang/Desktop/react-week3-assignment-1/src/Item.jsx","statementMap":{"0":{"start":{"line":2,"column":2},"end":{"line":9,"column":4}},"1":{"start":{"line":5,"column":43},"end":{"line":5,"column":60}}},"fnMap":{"0":{"name":"Item","decl":{"start":{"line":1,"column":24},"end":{"line":1,"column":28}},"loc":{"start":{"line":1,"column":69},"end":{"line":10,"column":1}},"line":1},"1":{"name":"(anonymous_1)","decl":{"start":{"line":5,"column":37},"end":{"line":5,"column":38}},"loc":{"start":{"line":5,"column":43},"end":{"line":5,"column":60}},"line":5}},"branchMap":{},"s":{"0":2,"1":1},"f":{"0":2,"1":1},"b":{},"_coverageSchema":"1a1c01bbd47fc00a2c39e90264f33305004495a9","hash":"4b399fddd83ab30266ed15db346a9e2b6d45a5d9"}
,"/Users/ojunsang/Desktop/react-week3-assignment-1/src/List.jsx": {"path":"/Users/ojunsang/Desktop/react-week3-assignment-1/src/List.jsx","statementMap":{"0":{"start":{"line":4,"column":2},"end":{"line":8,"column":3}},"1":{"start":{"line":5,"column":4},"end":{"line":7,"column":6}},"2":{"start":{"line":10,"column":2},"end":{"line":16,"column":4}},"3":{"start":{"line":13,"column":8},"end":{"line":13,"column":72}}},"fnMap":{"0":{"name":"List","decl":{"start":{"line":3,"column":24},"end":{"line":3,"column":28}},"loc":{"start":{"line":3,"column":55},"end":{"line":17,"column":1}},"line":3},"1":{"name":"(anonymous_1)","decl":{"start":{"line":12,"column":17},"end":{"line":12,"column":18}},"loc":{"start":{"line":13,"column":8},"end":{"line":13,"column":72}},"line":13}},"branchMap":{"0":{"loc":{"start":{"line":4,"column":2},"end":{"line":8,"column":3}},"type":"if","locations":[{"start":{"line":4,"column":2},"end":{"line":8,"column":3}},{"start":{},"end":{}}],"line":4}},"s":{"0":2,"1":1,"2":1,"3":1},"f":{"0":2,"1":1},"b":{"0":[1,1]},"_coverageSchema":"1a1c01bbd47fc00a2c39e90264f33305004495a9","hash":"6fae6521185664136640d347be1b9fca5dc01d91"}
}
